{
  "RSpec": {
    "coverage": {
      "/home/maimit/sites/todo_rspec/app/models/item.rb": [
        1,
        1,
        1,
        null,
        1,
        null,
        1,
        0,
        0,
        null,
        0,
        null,
        null
      ],
      "/home/maimit/sites/todo_rspec/app/models/list.rb": [
        1,
        1,
        1,
        1,
        null
      ],
      "/home/maimit/sites/todo_rspec/app/models/concerns/sluggable.rb": [
        1,
        1,
        null,
        1,
        1,
        1,
        null,
        null,
        1,
        3,
        3,
        null,
        null,
        null,
        null,
        null,
        null,
        1,
        null,
        1,
        3,
        null,
        null
      ]
    },
    "timestamp": 1546506006
  }
}
